<?xml version="1.0" encoding="UTF-8"?>
<!-- Generated by org.testng.reporters.JUnitReportReporter -->
<testsuite hostname="DESKTOP-KOE92QJ" failures="0" tests="2" name="mvntraining.mvnjava.AppiumTest" time="0.003" errors="0" timestamp="2021-07-29T14:57:14 IST" skipped="0">
  <testcase classname="mvntraining.mvnjava.AppiumTest" name="NativeappAndroid" time="0.000"/>
  <system-out/>
  <testcase classname="mvntraining.mvnjava.AppiumTest" name="Iosapp" time="0.003"/>
  <system-out/>
</testsuite> <!-- mvntraining.mvnjava.AppiumTest -->
