<?xml version="1.0" encoding="UTF-8"?>
<!-- Generated by org.testng.reporters.JUnitReportReporter -->
<testsuite hostname="DESKTOP-KOE92QJ" failures="0" tests="2" name="mvntraining.mvnjava.RESTAPITest" time="0.000" errors="0" timestamp="2021-07-29T14:57:14 IST" skipped="0">
  <testcase classname="mvntraining.mvnjava.RESTAPITest" name="delettwitter" time="0.000"/>
  <system-out/>
  <testcase classname="mvntraining.mvnjava.RESTAPITest" name="postjira" time="0.000"/>
  <system-out/>
</testsuite> <!-- mvntraining.mvnjava.RESTAPITest -->
